make.exe all --print-data-base --no-builtin-variables --no-builtin-rules --question
# GNU Make 3.81
# Copyright (C) 2006  Free Software Foundation, Inc.
# This is free software; see the source for copying conditions.
# There is NO warranty; not even for MERCHANTABILITY or FITNESS FOR A
# PARTICULAR PURPOSE.

# This program built for i386-pc-mingw32
 

# Make data base, printed on Thu Aug 11 06:30:10 2022

# Variables

# automatic
<D = $(patsubst %/,%,$(dir $<))
# automatic
?F = $(notdir $?)
# makefile (from `makefile', line 62)
OBJ := kernel/core/context.o kernel/core/fb.o kernel/flatbinary.o kernel/core/gdt.o kernel/core/idt.o kernel/core/isr.o kernel/keyb.o kernel/core/libc.o kernel/main.o kernel/misc_fun.o kernel/core/mm.o kernel/core/pci.o kernel/core/pic.o kernel/printf.o kernel/core/syscall.o kernel/core/tables.o kernel/fs/tar.o kernel/core/task.o 
 kernel/core/tlb.o kernel/tty.o
# makefile
MAKEFLAGS = Rrqp
# automatic
?D = $(patsubst %/,%,$(dir $?))
# makefile (from `makefile', line 45)
CPPFLAGS = -Wall -Wextra -Os -pipe -Iinclude -I. -std=c++20 -ffreestanding -fno-stack-protector -fpie -fPIC -mno-80387 -mno-mmx -mno-3dnow -mno-sse -mno-sse2 -mno-red-zone -target x86_64-elf -g
# automatic
@D = $(patsubst %/,%,$(dir $@))
# environment
HOMEDRIVE = C:
# automatic
@F = $(notdir $@)
# automatic
^D = $(patsubst %/,%,$(dir $^))
# makefile
CURDIR := c:/Users/sed49/repos/rotomos-1
# default
SHELL := C:/Program Files/Git/bin/sh.exe
# environment
WINDIR = C:\WINDOWS
# environment
VSCODE_NLS_CONFIG = {"locale":"en-us","availableLanguages":{},"_languagePackSupport":true}
# makefile (from `makefile', line 29)
CFLAGS = -Wall -Wextra -Os -pipe -Iinclude -I. -std=c17 -ffreestanding -fno-stack-protector -fpie -fPIC -mno-80387 -mno-mmx -mno-3dnow -mno-sse -mno-sse2 -mno-red-zone -target x86_64-elf -g
# environment
ONEDRIVE = C:\Users\sed49\OneDrive
# makefile (from `makefile', line 3)
KERNEL := rotomos.elf
# environment
PATHEXT = .COM;.EXE;.BAT;.CMD;.VBS;.VBE;.JS;.JSE;.WSF;.WSH;.MSC
# makefile (from `makefile', line 1)
MAKEFILE_LIST :=  makefile
# environment
TMP = C:\Users\sed49\AppData\Local\Temp
# makefile (from `makefile', line 16)
AS := nasm
# environment
PROGRAMW6432 = C:\Program Files
# environment
PROGRAMDATA = C:\ProgramData
# makefile (from `makefile', line 10)
CPP := clang++
# environment
VSCODE_CWD = C:\Users\sed49\AppData\Local\Programs\Microsoft VS Code
# environment
PATH = C:\Program Files\Eclipse Adoptium\jdk-17.0.4.8-hotspot\bin;C:\WINDOWS\system32;C:\WINDOWS;C:\WINDOWS\System32\Wbem;C:\WINDOWS\System32\WindowsPowerShell\v1.0\;C:\WINDOWS\System32\OpenSSH\;C:\Program Files\Git\cmd;C:\Library\Developer\Toolchains\unknown-Asserts-development.xctoolchain\usr\bin;C:\Library\Swift-development\bin;C:\Library\icu-69.1\usr\bin;C:\Program Files\starship\bin\;C:\Users\sed49\AppData\Roaming\local\bin;C:\Users\sed49\AppData\Local\Programs\Python\Python310\Scripts\;C:\Use 
rs\sed49\AppData\Local\Programs\Python\Python310\;C:\Users\sed49\.cargo\bin;C:\Users\sed49\AppData\Local\Microsoft\WindowsApps;C:\Users\sed49\AppData\Local\Programs\Microsoft VS Code\bin;C:\Program Files\LLVM\bin;C:\Program Files\Git\bin;C:\Users\sed49\AppData\Local\bin\NASM;C:\Program Files (x86)\GnuWin32\bin;C:\Program Files\qemu;;C:\ghcup\bin
# makefile (from `makefile', line 14)
LD := ld.lld
# environment
COMMONPROGRAMW6432 = C:\Program Files\Common Files
# environment
GHCUP_INSTALL_BASE_PREFIX = C:\
# environment
PROCESSOR_ARCHITECTURE = x86
# environment
USERPROFILE = C:\Users\sed49
# environment
ALLUSERSPROFILE = C:\ProgramData
# environment
NUMBER_OF_PROCESSORS = 4
# environment
ELECTRON_RUN_AS_NODE = 1
# makefile (from `makefile', line 23)
LDFLAGS = -Tkernel/linker.ld -nostdlib -static -pie --no-dynamic-linker 
# default
.FEATURES := target-specific order-only second-expansion else-if archives
# environment
CABAL_DIR = C:\cabal
# automatic
%F = $(notdir $%)
# environment
CHROME_CRASHPAD_PIPE_NAME = \\.\pipe\crashpad_10352_ULUJKOVRASRTHVBL
# environment
COMPUTERNAME = LITWICK
# environment
PROGRAMFILES = C:\Program Files (x86)
# environment
DRIVERDATA = C:\Windows\System32\Drivers\DriverData
# environment
ORIGINAL_XDG_CURRENT_DESKTOP = undefined
# environment
USERNAME = sed49
# environment
PUBLIC = C:\Users\Public
# environment
VSCODE_AMD_ENTRYPOINT = vs/workbench/api/node/extensionHostProcess
# environment
VSCODE_CODE_CACHE_PATH = C:\Users\sed49\AppData\Roaming\Code\CachedData\6d9b74a70ca9c7733b29f0456 
fd8195364076dda
# environment
APPLICATION_INSIGHTS_NO_DIAGNOSTIC_CHANNEL = true
# environment
COMMONPROGRAMFILES = C:\Program Files (x86)\Common Files
# environment
LOGONSERVER = \\LITWICK
# environment
ONEDRIVECONSUMER = C:\Users\sed49\OneDrive
# environment
VSCODE_HANDLES_UNCAUGHT_ERRORS = true
# environment
USERDOMAIN = LITWICK
# default
MAKE = $(MAKE_COMMAND)
# default
MAKECMDGOALS := all
# makefile (from `makefile', line 9)
CC := clang
# environment
JAVA_HOME = C:\Program Files\Eclipse Adoptium\jdk-17.0.4.8-hotspot\
# default
MAKE_VERSION := 3.81
# makefile
.DEFAULT_GOAL := all
# environment
PROGRAMFILES(X86) = C:\Program Files (x86)
# automatic
%D = $(patsubst %/,%,$(dir $%))
# environment
STACK_ROOT = C:\sr
# environment
GHCUP_MSYS2 = C:\Users\sed49\AppData\Local\Programs\stack\x86_64-windows\msys2-20220503
# environment
LOCALAPPDATA = C:\Users\sed49\AppData\Local
# environment
PSMODULEPATH = C:\Program Files\WindowsPowerShell\Modules;C:\WINDOWS\system32\WindowsPowerShell\v1.0\Modules
# default
MAKE_CO 
MMAND := make.exe
# environment
PROCESSOR_ARCHITEW6432 = AMD64
# default
.VARIABLES := 
# automatic
*F = $(notdir $*)
# environment
PROCESSOR_IDENTIFIER = Intel64 Family 6 Model 142 Stepping 9, GenuineIntel
# environment
OS = Windows_NT
# environment
VSCODE_IPC_HOOK = \\.\pipe\3e2fb7003919c936abc1572258309d22-1.70.1-main-sock
# environment
HOMEPATH = \Users\sed49
# environment
COMMONPROGRAMFILES(X86) = C:\Program Files (x86)\Common Files
# environment
PROMPT = $P$G
# environment
MFLAGS = -Rrqp
# automatic
* 
D = $(patsubst %/,%,$(dir $*))
# environment
SYSTEMROOT = C:\WINDOWS
# automatic
+D = $(patsubst %/,%,$(dir $+))
# automatic
+F = $(notdir $+)
# environment
APPDATA = C:\Users\sed49\AppData\Roaming
# environment
TEMP = C:\Users\sed49\AppData\Local\Temp
# environment
COMSPEC = C:\WINDOWS\system32\cmd.exe
# default
MAKEFILES := 
# automatic
<F = $(notdir $<)
# environment
DEVELOPER_DIR = C:\Library\Developer
# environment
LC_ALL = C
# automatic
^F = $(notdir $^)
# default
SUFFIXES := 
# environment
SYSTEMDRIV 
E = C:
# environment
SDKROOT = C:\Library\Developer\Platforms\Windows.platform\Developer\SDKs\Windows.sdk
# environment
SESSIONNAME = Console
# environment
PROCESSOR_REVISION = 8e09
# environment
MAKELEVEL := 0
# environment
LANG = C
# environment
PROCESSOR_LEVEL = 6
# environment
VSCODE_PID = 10352
# environment
USERDOMAIN_ROAMINGPROFILE = LITWICK
# variable set hash-table stats:
# Load=98/1024=10%, Rehash=0, Collisions=12/131=9%

# Pattern-specific Variable Values

# No pattern-specific variable values.

# Directories

# C:\Program Files\LLVM\bin (key C:/Program Files/LLVM/bin, mtime 1659454734): 120 files, no impossibilities.
# C:\Users\sed49\.cargo\bin (key C:/Users/sed49/.cargo/bin, mtime 1659394560): 15 files, no impossibilities.
# C:\Library\Developer\Toolchains\unknown-Asserts-development.xctoolchain\usr\bin: could not be stat'd.
# kernel (key c:/Users/sed49/repos/rotomos-1/kernel, mtime 1660185835): 28 files, no impossibilities.
# C:\WINDOWS\System32\WindowsPowerShell\v1.0\ (key C:/WINDOWS/System32/W 
indowsPowerShell/v1.0/, mtime 1651903407): 29 files, no impossibilities.
# C:\WINDOWS\System32\Wbem (key C:/WINDOWS/System32/Wbem, mtime 1660087985): 169 files, no impossibilities.
# . (key c:/Users/sed49/repos/rotomos-1, mtime 1660185875): 15 files, no impossibilities.
# C:\Users\sed49\AppData\Roaming\local\bin (key C:/Users/sed49/AppData/Roaming/local/bin, mtime 1659997543): 5 files, no impossibilities.
# C:\Users\sed49\AppData\Local\Microsoft\WindowsApps (key C:/Users/sed49/AppData/Local/Microsoft/Window 
sApps, mtime 1660186751): 42 files, no impossibilities.
# C:\Program Files\starship\bin\ (key C:/Program Files/starship/bin/, mtime 1659482636): 3 files, no impossibilities.
# C:\WINDOWS\System32\OpenSSH\: could not be stat'd.
# C:\WINDOWS (key C:/WINDOWS, mtime 1660219294): 119 files, no impossibilities.
# kernel/core (key c:/Users/sed49/repos/rotomos-1/kernel/core, mtime 1660185874): 28 files, no impossibilities.
# C:\Program Files\Git\bin (key C:/Program Files/Git/bin, mtime 1659394257): 5 files, no impo 
ssibilities so far.
# C:\Library\icu-69.1\usr\bin: could not be stat'd.
# C:\Library\Swift-development\bin: could not be stat'd.
# C:\Program Files\Eclipse Adoptium\jdk-17.0.4.8-hotspot\bin (key C:/Program Files/Eclipse Adoptium/jdk-17.0.4.8-hotspot/bin, mtime 1659989892): 122 files, no impossibilities.
# C:\Users\sed49\AppData\Local\Programs\Python\Python310\ (key C:/Users/sed49/AppData/Local/Programs/Python/Python310/, mtime 1659441539): 18 files, no impossibilities.
# C:\Users\sed49\AppData\Local\Program 
s\Python\Python310\Scripts\ (key C:/Users/sed49/AppData/Local/Programs/Python/Python310/Scripts/, mtime 1659441539): 5 files, no impossibilities.
# C:\Program Files\Git\cmd (key C:/Program Files/Git/cmd, mtime 1659394308): 8 files, no impossibilities.
# C:\WINDOWS\system32 (key C:/WINDOWS/system32, mtime 1660223963): 3028 files, no impossibilities.
# C:\Users\sed49\AppData\Local\Programs\Microsoft VS Code\bin (key C:/Users/sed49/AppData/Local/Programs/Microsoft VS Code/bin, mtime 1660166339): 4 files, no im 
possibilities.

# 3763 files, no impossibilities in 22 directories.

# Implicit Rules

%.o: %.cpp
#  commands to execute (from `makefile', line 73):
	$(CPP) $(CFLAGS) -c $< -o $@
	

%.o: %.c
#  commands to execute (from `makefile', line 76):
	$(CC) $(CFLAGS) -c $< -o $@
	

%.o: %.S
#  commands to execute (from `makefile', line 79):
	$(AS) -felf64 -g $< -o $@
	

# 3 implicit rules, 0 (0.0%) terminal.

# Files

# Not a target:
kernel/flatbinary.c:
#  Implicit rule search has been done.
#  Last modified 2022-0 
8-10 16:21:50
#  File has been updated.
#  Successfully updated.
# variable set hash-table stats:
# Load=0/32=0%, Rehash=0, Collisions=0/0=0%

# Not a target:
kernel/core/gdt.c:
#  Implicit rule search has been done.
#  Last modified 2022-08-10 16:21:50
#  File has been updated.
#  Successfully updated.
# variable set hash-table stats:
# Load=0/32=0%, Rehash=0, Collisions=0/0=0%

# Not a target:
kernel/core/pci.o:
#  Implicit rule search has not been done.
#  Modification time never checked.
#  File has not 
 been updated.

all: rotomos.elf
#  Phony target (prerequisite of .PHONY).
#  Command-line target.
#  Implicit rule search has not been done.
#  File does not exist.
#  File has been updated.
#  Needs to be updated (-q is set).
# variable set hash-table stats:
# Load=0/32=0%, Rehash=0, Collisions=0/4=0%

# Not a target:
kernel/core/tables.o:
#  Implicit rule search has not been done.
#  Modification time never checked.
#  File has not been updated.

.PHONY: all clean
#  Implicit rule search has not been don 
e.
#  Modification time never checked.
#  File has not been updated.

# Not a target:
kernel/core/libc.c:
#  Implicit rule search has been done.
#  Last modified 2022-08-10 16:21:50
#  File has been updated.
#  Successfully updated.
# variable set hash-table stats:
# Load=0/32=0%, Rehash=0, Collisions=0/0=0%

# Not a target:
.DEFAULT:
#  Implicit rule search has not been done.
#  Modification time never checked.
#  File has not been updated.

# Not a target:
kernel/core/fb.c:
#  Implicit rule search has bee 
n done.
#  Last modified 2022-08-10 16:21:50
#  File has been updated.
#  Successfully updated.
# variable set hash-table stats:
# Load=0/32=0%, Rehash=0, Collisions=0/0=0%

# Not a target:
makefile:
#  Implicit rule search has been done.
#  Last modified 2022-08-10 16:21:50
#  File has been updated.
#  Successfully updated.
# variable set hash-table stats:
# Load=0/32=0%, Rehash=0, Collisions=0/0=0%

# Not a target:
kernel/main.c:
#  Implicit rule search has been done.
#  Last modified 2022-08-10 16:21:50
 
#  File has been updated.
#  Successfully updated.
# variable set hash-table stats:
# Load=0/32=0%, Rehash=0, Collisions=0/0=0%

kernel/core/idt.o: kernel/core/idt.c
#  Implicit rule search has been done.
#  Implicit/static pattern stem: `kernel/core/idt'
#  Last modified 2022-08-10 19:43:31
#  File has been updated.
#  Successfully updated.
# variable set hash-table stats:
# Load=0/32=0%, Rehash=0, Collisions=0/0=0%
#  commands to execute (from `makefile', line 76):
	$(CC) $(CFLAGS) -c $< -o $@
	

# Not a  
target:
kernel/fs/tar.o:
#  Implicit rule search has not been done.
#  Modification time never checked.
#  File has not been updated.

# Not a target:
kernel/core/task.o:
#  Implicit rule search has not been done.
#  Modification time never checked.
#  File has not been updated.

kernel/core/isr.o: kernel/core/isr.S
#  Implicit rule search has been done.
#  Implicit/static pattern stem: `kernel/core/isr'
#  Last modified 2022-08-10 19:43:31
#  File has been updated.
#  Successfully updated.
# variable set h 
ash-table stats:
# Load=0/32=0%, Rehash=0, Collisions=0/0=0%
#  commands to execute (from `makefile', line 79):
	$(AS) -felf64 -g $< -o $@
	

kernel/core/context.o: kernel/core/context.S
#  Implicit rule search has been done.
#  Implicit/static pattern stem: `kernel/core/context'
#  Last modified 2022-08-10 19:43:30
#  File has been updated.
#  Successfully updated.
# variable set hash-table stats:
# Load=0/32=0%, Rehash=0, Collisions=0/0=0%
#  commands to execute (from `makefile', line 79):
	$(AS) -felf64  
-g $< -o $@
	

# Not a target:
kernel/core/pic.o:
#  Implicit rule search has not been done.
#  Modification time never checked.
#  File has not been updated.

# Not a target:
.SUFFIXES:
#  Implicit rule search has not been done.
#  Modification time never checked.
#  File has not been updated.

# Not a target:
kernel/core/syscall.o:
#  Implicit rule search has not been done.
#  Modification time never checked.
#  File has not been updated.

kernel/keyb.o: kernel/keyb.c
#  Implicit rule search has been done 
.
#  Implicit/static pattern stem: `kernel/keyb'
#  Last modified 2022-08-10 19:43:32
#  File has been updated.
#  Successfully updated.
# variable set hash-table stats:
# Load=0/32=0%, Rehash=0, Collisions=0/0=0%
#  commands to execute (from `makefile', line 76):
	$(CC) $(CFLAGS) -c $< -o $@
	

kernel/misc_fun.o: kernel/misc_fun.c
#  Implicit rule search has been done.
#  Implicit/static pattern stem: `kernel/misc_fun'
#  Last modified 2022-08-10 19:43:32
#  File has been updated.
#  Successfully updated.
 
# variable set hash-table stats:
# Load=0/32=0%, Rehash=0, Collisions=0/0=0%
#  commands to execute (from `makefile', line 76):
	$(CC) $(CFLAGS) -c $< -o $@
	

kernel/core/mm.o: kernel/core/mm.c
#  Implicit rule search has been done.
#  Implicit/static pattern stem: `kernel/core/mm'
#  Last modified 2022-08-10 19:44:34
#  File has been updated.
#  Needs to be updated (-q is set).
# automatic
# @ := kernel/core/mm.o
# automatic
# % := 
# automatic
# * := kernel/core/mm
# automatic
# + := kernel/core/mm.c
# a 
utomatic
# | := 
# automatic
# < := kernel/core/mm.c
# automatic
# ^ := kernel/core/mm.c
# automatic
# ? := kernel/core/mm.c
# variable set hash-table stats:
# Load=8/32=25%, Rehash=0, Collisions=1/14=7%
#  commands to execute (from `makefile', line 76):
	$(CC) $(CFLAGS) -c $< -o $@
	

clean:
#  Phony target (prerequisite of .PHONY).
#  Implicit rule search has not been done.
#  File does not exist.
#  File has not been updated.
#  commands to execute (from `makefile', line 84):
	rm -rf $(KERNEL) $(OBJ)
	

 
kernel/core/gdt.o: kernel/core/gdt.c
#  Implicit rule search has been done.
#  Implicit/static pattern stem: `kernel/core/gdt'
#  Last modified 2022-08-10 19:43:31
#  File has been updated.
#  Successfully updated.
# variable set hash-table stats:
# Load=0/32=0%, Rehash=0, Collisions=0/0=0%
#  commands to execute (from `makefile', line 76):
	$(CC) $(CFLAGS) -c $< -o $@
	

# Not a target:
kernel/core/idt.c:
#  Implicit rule search has been done.
#  Last modified 2022-08-10 16:21:50
#  File has been updated.
 
#  Successfully updated.
# variable set hash-table stats:
# Load=0/32=0%, Rehash=0, Collisions=0/0=0%

# Not a target:
kernel/printf.o:
#  Implicit rule search has not been done.
#  Modification time never checked.
#  File has not been updated.

# Not a target:
kernel/core/isr.S:
#  Implicit rule search has been done.
#  Last modified 2022-08-10 16:21:50
#  File has been updated.
#  Successfully updated.
# variable set hash-table stats:
# Load=0/32=0%, Rehash=0, Collisions=0/0=0%

# Not a target:
kernel/cor 
e/tlb.o:
#  Implicit rule search has not been done.
#  Modification time never checked.
#  File has not been updated.

kernel/core/libc.o: kernel/core/libc.c
#  Implicit rule search has been done.
#  Implicit/static pattern stem: `kernel/core/libc'
#  Last modified 2022-08-10 19:43:32
#  File has been updated.
#  Successfully updated.
# variable set hash-table stats:
# Load=0/32=0%, Rehash=0, Collisions=0/0=0%
#  commands to execute (from `makefile', line 76):
	$(CC) $(CFLAGS) -c $< -o $@
	

# Not a target: 

kernel/tty.o:
#  Implicit rule search has not been done.
#  Modification time never checked.
#  File has not been updated.

# Not a target:
kernel/core/context.S:
#  Implicit rule search has been done.
#  Last modified 2022-08-10 16:21:50
#  File has been updated.
#  Successfully updated.
# variable set hash-table stats:
# Load=0/32=0%, Rehash=0, Collisions=0/0=0%

# Not a target:
kernel/core/mm.c:
#  Implicit rule search has been done.
#  Last modified 2022-08-10 19:54:05
#  File has been updated.
#  Successfully updated.
# variable set hash-table stats:
# Load=0/32=0%, Rehash=0, Collisions=0/0=0%

rotomos.elf: kernel/core/context.o kernel/core/fb.o kernel/flatbinary.o kernel/core/gdt.o kernel/core/idt.o kernel/core/isr.o kernel/keyb.o kernel/core/libc.o kernel/main.o kernel/misc_fun.o kernel/core/mm.o kernel/core/pci.o kernel/core/pic.o kernel/printf.o kernel/core/syscall.o kernel/core/tables.o kernel/fs/tar.o kernel/core/task.o kernel/core/tlb.o kernel/tty.o
#  Implicit rule search has not been done.
#  L 
ast modified 2022-08-10 19:44:35
#  File has been updated.
#  Needs to be updated (-q is set).
# variable set hash-table stats:
# Load=0/32=0%, Rehash=0, Collisions=0/4=0%
#  commands to execute (from `makefile', line 70):
	$(LD) $(OBJ) $(LDFLAGS) -o $@
	

# Not a target:
kernel/keyb.c:
#  Implicit rule search has been done.
#  Last modified 2022-08-10 16:21:50
#  File has been updated.
#  Successfully updated.
# variable set hash-table stats:
# Load=0/32=0%, Rehash=0, Collisions=0/0=0%

# Not a target:
ker 
nel/misc_fun.c:
#  Implicit rule search has been done.
#  Last modified 2022-08-10 16:21:50
#  File has been updated.
#  Successfully updated.
# variable set hash-table stats:
# Load=0/32=0%, Rehash=0, Collisions=0/0=0%

kernel/core/fb.o: kernel/core/fb.c
#  Implicit rule search has been done.
#  Implicit/static pattern stem: `kernel/core/fb'
#  Last modified 2022-08-10 19:43:31
#  File has been updated.
#  Successfully updated.
# variable set hash-table stats:
# Load=0/32=0%, Rehash=0, Collisions=0/0=0%
#  
 commands to execute (from `makefile', line 76):
	$(CC) $(CFLAGS) -c $< -o $@
	

kernel/flatbinary.o: kernel/flatbinary.c
#  Implicit rule search has been done.
#  Implicit/static pattern stem: `kernel/flatbinary'
#  Last modified 2022-08-10 19:43:31
#  File has been updated.
#  Successfully updated.
# variable set hash-table stats:
# Load=0/32=0%, Rehash=0, Collisions=0/0=0%
#  commands to execute (from `makefile', line 76):
	$(CC) $(CFLAGS) -c $< -o $@
	

kernel/main.o: kernel/main.c
#  Implicit rule sear 
ch has been done.
#  Implicit/static pattern stem: `kernel/main'
#  Last modified 2022-08-10 19:43:32
#  File has been updated.
#  Successfully updated.
# variable set hash-table stats:
# Load=0/32=0%, Rehash=0, Collisions=0/0=0%
#  commands to execute (from `makefile', line 76):
	$(CC) $(CFLAGS) -c $< -o $@
	

# files hash-table stats:
# Load=38/1024=4%, Rehash=0, Collisions=8/120=7%
# VPATH Search Paths

# No `vpath' search paths.

# No general (`VPATH' variable) search path.

# # of strings in strcache:  
1
# # of strcache buffers: 1
# strcache size: total = 4096 / max = 4096 / min = 4096 / avg = 4096
# strcache free: total = 4087 / max = 4087 / min = 4087 / avg = 4087

# Finished Make data base on Thu Aug 11 06:30:10 2022

 
